This file contains any messages produced by compilers while
running configure, to aid debugging if configure makes a mistake.

It was created by wslay configure 1.0.1-DEV, which was
generated by GNU Autoconf 2.69.  Invocation command line was

  $ ./configure --no-create --no-recursion

## --------- ##
## Platform. ##
## --------- ##

hostname = ubuntu
uname -m = x86_64
uname -r = 3.16.0-30-generic
uname -s = Linux
uname -v = #40~14.04.1-Ubuntu SMP Thu Jan 15 17:43:14 UTC 2015

/usr/bin/uname -p = unknown
/bin/uname -X     = unknown

/bin/arch              = unknown
/usr/bin/arch -k       = unknown
/usr/convex/getsysinfo = unknown
/usr/bin/hostinfo      = unknown
/bin/machine           = unknown
/usr/bin/oslevel       = unknown
/bin/universe          = unknown

PATH: /usr/local/sbin
PATH: /usr/local/bin
PATH: /usr/sbin
PATH: /usr/bin
PATH: /sbin
PATH: /bin
PATH: /usr/games
PATH: /usr/local/games


## ----------- ##
## Core tests. ##
## ----------- ##

configure:2539: checking build system type
configure:2553: result: x86_64-unknown-linux-gnu
configure:2573: checking host system type
configure:2586: result: x86_64-unknown-linux-gnu
configure:2627: checking how to print strings
configure:2654: result: printf
configure:2726: checking for gcc
configure:2742: found /usr/bin/gcc
configure:2753: result: gcc
configure:2982: checking for C compiler version
configure:2991: gcc --version >&5
gcc (Ubuntu 4.8.2-19ubuntu1) 4.8.2
Copyright (C) 2013 Free Software Foundation, Inc.
This is free software; see the source for copying conditions.  There is NO
warranty; not even for MERCHANTABILITY or FITNESS FOR A PARTICULAR PURPOSE.

configure:3002: $? = 0
configure:2991: gcc -v >&5
Using built-in specs.
COLLECT_GCC=gcc
COLLECT_LTO_WRAPPER=/usr/lib/gcc/x86_64-linux-gnu/4.8/lto-wrapper
Target: x86_64-linux-gnu
Configured with: ../src/configure -v --with-pkgversion='Ubuntu 4.8.2-19ubuntu1' --with-bugurl=file:///usr/share/doc/gcc-4.8/README.Bugs --enable-languages=c,c++,java,go,d,fortran,objc,obj-c++ --prefix=/usr --program-suffix=-4.8 --enable-shared --enable-linker-build-id --libexecdir=/usr/lib --without-included-gettext --enable-threads=posix --with-gxx-include-dir=/usr/include/c++/4.8 --libdir=/usr/lib --enable-nls --with-sysroot=/ --enable-clocale=gnu --enable-libstdcxx-debug --enable-libstdcxx-time=yes --enable-gnu-unique-object --disable-libmudflap --enable-plugin --with-system-zlib --disable-browser-plugin --enable-java-awt=gtk --enable-gtk-cairo --with-java-home=/usr/lib/jvm/java-1.5.0-gcj-4.8-amd64/jre --enable-java-home --with-jvm-root-dir=/usr/lib/jvm/java-1.5.0-gcj-4.8-amd64 --with-jvm-jar-dir=/usr/lib/jvm-exports/java-1.5.0-gcj-4.8-amd64 --with-arch-directory=amd64 --with-ecj-jar=/usr/share/java/eclipse-ecj.jar --enable-objc-gc --enable-multiarch --disable-werror --with-arch-32=i686 --with-abi=m64 --with-multilib-list=m32,m64,mx32 --with-tune=generic --enable-checking=release --build=x86_64-linux-gnu --host=x86_64-linux-gnu --target=x86_64-linux-gnu
Thread model: posix
gcc version 4.8.2 (Ubuntu 4.8.2-19ubuntu1) 
configure:3002: $? = 0
configure:2991: gcc -V >&5
gcc: error: unrecognized command line option '-V'
gcc: fatal error: no input files
compilation terminated.
configure:3002: $? = 4
configure:2991: gcc -qversion >&5
gcc: error: unrecognized command line option '-qversion'
gcc: fatal error: no input files
compilation terminated.
configure:3002: $? = 4
configure:3022: checking whether the C compiler works
configure:3044: gcc    conftest.c  >&5
configure:3048: $? = 0
configure:3096: result: yes
configure:3099: checking for C compiler default output file name
configure:3101: result: a.out
configure:3107: checking for suffix of executables
configure:3114: gcc -o conftest    conftest.c  >&5
configure:3118: $? = 0
configure:3140: result: 
configure:3162: checking whether we are cross compiling
configure:3170: gcc -o conftest    conftest.c  >&5
configure:3174: $? = 0
configure:3181: ./conftest
configure:3185: $? = 0
configure:3200: result: no
configure:3205: checking for suffix of object files
configure:3227: gcc -c   conftest.c >&5
configure:3231: $? = 0
configure:3252: result: o
configure:3256: checking whether we are using the GNU C compiler
configure:3275: gcc -c   conftest.c >&5
configure:3275: $? = 0
configure:3284: result: yes
configure:3293: checking whether gcc accepts -g
configure:3313: gcc -c -g  conftest.c >&5
configure:3313: $? = 0
configure:3354: result: yes
configure:3371: checking for gcc option to accept ISO C89
configure:3434: gcc  -c -g -O2  conftest.c >&5
configure:3434: $? = 0
configure:3447: result: none needed
configure:3472: checking whether gcc understands -c and -o together
configure:3494: gcc -c conftest.c -o conftest2.o
configure:3497: $? = 0
configure:3494: gcc -c conftest.c -o conftest2.o
configure:3497: $? = 0
configure:3509: result: yes
configure:3526: checking for a sed that does not truncate output
configure:3590: result: /bin/sed
configure:3608: checking for grep that handles long lines and -e
configure:3666: result: /bin/grep
configure:3671: checking for egrep
configure:3733: result: /bin/grep -E
configure:3738: checking for fgrep
configure:3800: result: /bin/grep -F
configure:3835: checking for ld used by gcc
configure:3902: result: /usr/bin/ld
configure:3909: checking if the linker (/usr/bin/ld) is GNU ld
configure:3924: result: yes
configure:3936: checking for BSD- or MS-compatible name lister (nm)
configure:3985: result: /usr/bin/nm -B
configure:4115: checking the name lister (/usr/bin/nm -B) interface
configure:4122: gcc -c -g -O2  conftest.c >&5
configure:4125: /usr/bin/nm -B "conftest.o"
configure:4128: output
0000000000000000 B some_variable
configure:4135: result: BSD nm
configure:4138: checking whether ln -s works
configure:4142: result: yes
configure:4150: checking the maximum length of command line arguments
configure:4281: result: 3458764513820540925
configure:4298: checking whether the shell understands some XSI constructs
configure:4308: result: yes
configure:4312: checking whether the shell understands "+="
configure:4318: result: yes
configure:4353: checking how to convert x86_64-unknown-linux-gnu file names to x86_64-unknown-linux-gnu format
configure:4393: result: func_convert_file_noop
configure:4400: checking how to convert x86_64-unknown-linux-gnu file names to toolchain format
configure:4420: result: func_convert_file_noop
configure:4427: checking for /usr/bin/ld option to reload object files
configure:4434: result: -r
configure:4508: checking for objdump
configure:4524: found /usr/bin/objdump
configure:4535: result: objdump
configure:4567: checking how to recognize dependent libraries
configure:4765: result: pass_all
configure:4850: checking for dlltool
configure:4880: result: no
configure:4910: checking how to associate runtime and link libraries
configure:4937: result: printf %s\n
configure:4998: checking for ar
configure:5014: found /usr/bin/ar
configure:5025: result: ar
configure:5062: checking for archiver @FILE support
configure:5079: gcc -c -g -O2  conftest.c >&5
configure:5079: $? = 0
configure:5082: ar cru libconftest.a @conftest.lst >&5
configure:5085: $? = 0
configure:5090: ar cru libconftest.a @conftest.lst >&5
ar: conftest.o: No such file or directory
configure:5093: $? = 1
configure:5105: result: @
configure:5163: checking for strip
configure:5179: found /usr/bin/strip
configure:5190: result: strip
configure:5262: checking for ranlib
configure:5278: found /usr/bin/ranlib
configure:5289: result: ranlib
configure:5366: checking for gawk
configure:5396: result: no
configure:5366: checking for mawk
configure:5382: found /usr/bin/mawk
configure:5393: result: mawk
configure:5433: checking command to parse /usr/bin/nm -B output from gcc object
configure:5553: gcc -c -g -O2  conftest.c >&5
configure:5556: $? = 0
configure:5560: /usr/bin/nm -B conftest.o \| sed -n -e 's/^.*[ ]\([ABCDGIRSTW][ABCDGIRSTW]*\)[ ][ ]*\([_A-Za-z][_A-Za-z0-9]*\)$/\1 \2 \2/p' | sed '/ __gnu_lto/d' \> conftest.nm
configure:5563: $? = 0
configure:5629: gcc -o conftest -g -O2   conftest.c conftstm.o >&5
configure:5632: $? = 0
configure:5670: result: ok
configure:5707: checking for sysroot
configure:5737: result: no
configure:5814: gcc -c -g -O2  conftest.c >&5
configure:5817: $? = 0
configure:6006: checking for mt
configure:6022: found /bin/mt
configure:6033: result: mt
configure:6056: checking if mt is a manifest tool
configure:6062: mt '-?'
configure:6070: result: no
configure:6712: checking how to run the C preprocessor
configure:6743: gcc -E  conftest.c
configure:6743: $? = 0
configure:6757: gcc -E  conftest.c
conftest.c:9:28: fatal error: ac_nonexistent.h: No such file or directory
 #include <ac_nonexistent.h>
                            ^
compilation terminated.
configure:6757: $? = 1
configure: failed program was:
| /* confdefs.h */
| #define PACKAGE_NAME "wslay"
| #define PACKAGE_TARNAME "wslay"
| #define PACKAGE_VERSION "1.0.1-DEV"
| #define PACKAGE_STRING "wslay 1.0.1-DEV"
| #define PACKAGE_BUGREPORT "t-tujikawa@users.sourceforge.net"
| #define PACKAGE_URL ""
| /* end confdefs.h.  */
| #include <ac_nonexistent.h>
configure:6782: result: gcc -E
configure:6802: gcc -E  conftest.c
configure:6802: $? = 0
configure:6816: gcc -E  conftest.c
conftest.c:9:28: fatal error: ac_nonexistent.h: No such file or directory
 #include <ac_nonexistent.h>
                            ^
compilation terminated.
configure:6816: $? = 1
configure: failed program was:
| /* confdefs.h */
| #define PACKAGE_NAME "wslay"
| #define PACKAGE_TARNAME "wslay"
| #define PACKAGE_VERSION "1.0.1-DEV"
| #define PACKAGE_STRING "wslay 1.0.1-DEV"
| #define PACKAGE_BUGREPORT "t-tujikawa@users.sourceforge.net"
| #define PACKAGE_URL ""
| /* end confdefs.h.  */
| #include <ac_nonexistent.h>
configure:6845: checking for ANSI C header files
configure:6865: gcc -c -g -O2  conftest.c >&5
configure:6865: $? = 0
configure:6938: gcc -o conftest -g -O2   conftest.c  >&5
configure:6938: $? = 0
configure:6938: ./conftest
configure:6938: $? = 0
configure:6949: result: yes
configure:6962: checking for sys/types.h
configure:6962: gcc -c -g -O2  conftest.c >&5
configure:6962: $? = 0
configure:6962: result: yes
configure:6962: checking for sys/stat.h
configure:6962: gcc -c -g -O2  conftest.c >&5
configure:6962: $? = 0
configure:6962: result: yes
configure:6962: checking for stdlib.h
configure:6962: gcc -c -g -O2  conftest.c >&5
configure:6962: $? = 0
configure:6962: result: yes
configure:6962: checking for string.h
configure:6962: gcc -c -g -O2  conftest.c >&5
configure:6962: $? = 0
configure:6962: result: yes
configure:6962: checking for memory.h
configure:6962: gcc -c -g -O2  conftest.c >&5
configure:6962: $? = 0
configure:6962: result: yes
configure:6962: checking for strings.h
configure:6962: gcc -c -g -O2  conftest.c >&5
configure:6962: $? = 0
configure:6962: result: yes
configure:6962: checking for inttypes.h
configure:6962: gcc -c -g -O2  conftest.c >&5
configure:6962: $? = 0
configure:6962: result: yes
configure:6962: checking for stdint.h
configure:6962: gcc -c -g -O2  conftest.c >&5
configure:6962: $? = 0
configure:6962: result: yes
configure:6962: checking for unistd.h
configure:6962: gcc -c -g -O2  conftest.c >&5
configure:6962: $? = 0
configure:6962: result: yes
configure:6976: checking for dlfcn.h
configure:6976: gcc -c -g -O2  conftest.c >&5
configure:6976: $? = 0
configure:6976: result: yes
configure:7182: checking for objdir
configure:7197: result: .libs
configure:7468: checking if gcc supports -fno-rtti -fno-exceptions
configure:7486: gcc -c -g -O2  -fno-rtti -fno-exceptions conftest.c >&5
cc1: warning: command line option '-fno-rtti' is valid for C++/ObjC++ but not for C [enabled by default]
configure:7490: $? = 0
configure:7503: result: no
configure:7830: checking for gcc option to produce PIC
configure:7837: result: -fPIC -DPIC
configure:7845: checking if gcc PIC flag -fPIC -DPIC works
configure:7863: gcc -c -g -O2  -fPIC -DPIC -DPIC conftest.c >&5
configure:7867: $? = 0
configure:7880: result: yes
configure:7909: checking if gcc static flag -static works
configure:7937: result: yes
configure:7952: checking if gcc supports -c -o file.o
configure:7973: gcc -c -g -O2  -o out/conftest2.o conftest.c >&5
configure:7977: $? = 0
configure:7999: result: yes
configure:8007: checking if gcc supports -c -o file.o
configure:8054: result: yes
configure:8087: checking whether the gcc linker (/usr/bin/ld -m elf_x86_64) supports shared libraries
configure:9244: result: yes
configure:9281: checking whether -lc should be explicitly linked in
configure:9289: gcc -c -g -O2  conftest.c >&5
configure:9292: $? = 0
configure:9307: gcc -shared  -fPIC -DPIC conftest.o  -v -Wl,-soname -Wl,conftest -o conftest 2\>\&1 \| /bin/grep  -lc  \>/dev/null 2\>\&1
configure:9310: $? = 0
configure:9324: result: no
configure:9484: checking dynamic linker characteristics
configure:9984: gcc -o conftest -g -O2   -Wl,-rpath -Wl,/foo conftest.c  >&5
configure:9984: $? = 0
configure:10218: result: GNU/Linux ld.so
configure:10325: checking how to hardcode library paths into programs
configure:10350: result: immediate
configure:10890: checking whether stripping libraries is possible
configure:10895: result: yes
configure:10930: checking if libtool supports shared libraries
configure:10932: result: yes
configure:10935: checking whether to build shared libraries
configure:10956: result: yes
configure:10959: checking whether to build static libraries
configure:10963: result: yes
configure:11038: checking target system type
configure:11051: result: x86_64-unknown-linux-gnu
configure:11096: checking for a BSD-compatible install
configure:11164: result: /usr/bin/install -c
configure:11175: checking whether build environment is sane
configure:11230: result: yes
configure:11378: checking for a thread-safe mkdir -p
configure:11417: result: /bin/mkdir -p
configure:11420: checking whether make sets $(MAKE)
configure:11442: result: yes
configure:11472: checking for style of include used by make
configure:11500: result: GNU
configure:11534: checking whether make supports nested variables
configure:11551: result: yes
configure:11636: checking dependency style of gcc
configure:11747: result: gcc3
configure:11855: checking for gcc
configure:11882: result: gcc
configure:12111: checking for C compiler version
configure:12120: gcc --version >&5
gcc (Ubuntu 4.8.2-19ubuntu1) 4.8.2
Copyright (C) 2013 Free Software Foundation, Inc.
This is free software; see the source for copying conditions.  There is NO
warranty; not even for MERCHANTABILITY or FITNESS FOR A PARTICULAR PURPOSE.

configure:12131: $? = 0
configure:12120: gcc -v >&5
Using built-in specs.
COLLECT_GCC=gcc
COLLECT_LTO_WRAPPER=/usr/lib/gcc/x86_64-linux-gnu/4.8/lto-wrapper
Target: x86_64-linux-gnu
Configured with: ../src/configure -v --with-pkgversion='Ubuntu 4.8.2-19ubuntu1' --with-bugurl=file:///usr/share/doc/gcc-4.8/README.Bugs --enable-languages=c,c++,java,go,d,fortran,objc,obj-c++ --prefix=/usr --program-suffix=-4.8 --enable-shared --enable-linker-build-id --libexecdir=/usr/lib --without-included-gettext --enable-threads=posix --with-gxx-include-dir=/usr/include/c++/4.8 --libdir=/usr/lib --enable-nls --with-sysroot=/ --enable-clocale=gnu --enable-libstdcxx-debug --enable-libstdcxx-time=yes --enable-gnu-unique-object --disable-libmudflap --enable-plugin --with-system-zlib --disable-browser-plugin --enable-java-awt=gtk --enable-gtk-cairo --with-java-home=/usr/lib/jvm/java-1.5.0-gcj-4.8-amd64/jre --enable-java-home --with-jvm-root-dir=/usr/lib/jvm/java-1.5.0-gcj-4.8-amd64 --with-jvm-jar-dir=/usr/lib/jvm-exports/java-1.5.0-gcj-4.8-amd64 --with-arch-directory=amd64 --with-ecj-jar=/usr/share/java/eclipse-ecj.jar --enable-objc-gc --enable-multiarch --disable-werror --with-arch-32=i686 --with-abi=m64 --with-multilib-list=m32,m64,mx32 --with-tune=generic --enable-checking=release --build=x86_64-linux-gnu --host=x86_64-linux-gnu --target=x86_64-linux-gnu
Thread model: posix
gcc version 4.8.2 (Ubuntu 4.8.2-19ubuntu1) 
configure:12131: $? = 0
configure:12120: gcc -V >&5
gcc: error: unrecognized command line option '-V'
gcc: fatal error: no input files
compilation terminated.
configure:12131: $? = 4
configure:12120: gcc -qversion >&5
gcc: error: unrecognized command line option '-qversion'
gcc: fatal error: no input files
compilation terminated.
configure:12131: $? = 4
configure:12135: checking whether we are using the GNU C compiler
configure:12163: result: yes
configure:12172: checking whether gcc accepts -g
configure:12233: result: yes
configure:12250: checking for gcc option to accept ISO C89
configure:12326: result: none needed
configure:12351: checking whether gcc understands -c and -o together
configure:12388: result: yes
configure:12463: checking for g++
configure:12479: found /usr/bin/g++
configure:12490: result: g++
configure:12517: checking for C++ compiler version
configure:12526: g++ --version >&5
g++ (Ubuntu 4.8.2-19ubuntu1) 4.8.2
Copyright (C) 2013 Free Software Foundation, Inc.
This is free software; see the source for copying conditions.  There is NO
warranty; not even for MERCHANTABILITY or FITNESS FOR A PARTICULAR PURPOSE.

configure:12537: $? = 0
configure:12526: g++ -v >&5
Using built-in specs.
COLLECT_GCC=g++
COLLECT_LTO_WRAPPER=/usr/lib/gcc/x86_64-linux-gnu/4.8/lto-wrapper
Target: x86_64-linux-gnu
Configured with: ../src/configure -v --with-pkgversion='Ubuntu 4.8.2-19ubuntu1' --with-bugurl=file:///usr/share/doc/gcc-4.8/README.Bugs --enable-languages=c,c++,java,go,d,fortran,objc,obj-c++ --prefix=/usr --program-suffix=-4.8 --enable-shared --enable-linker-build-id --libexecdir=/usr/lib --without-included-gettext --enable-threads=posix --with-gxx-include-dir=/usr/include/c++/4.8 --libdir=/usr/lib --enable-nls --with-sysroot=/ --enable-clocale=gnu --enable-libstdcxx-debug --enable-libstdcxx-time=yes --enable-gnu-unique-object --disable-libmudflap --enable-plugin --with-system-zlib --disable-browser-plugin --enable-java-awt=gtk --enable-gtk-cairo --with-java-home=/usr/lib/jvm/java-1.5.0-gcj-4.8-amd64/jre --enable-java-home --with-jvm-root-dir=/usr/lib/jvm/java-1.5.0-gcj-4.8-amd64 --with-jvm-jar-dir=/usr/lib/jvm-exports/java-1.5.0-gcj-4.8-amd64 --with-arch-directory=amd64 --with-ecj-jar=/usr/share/java/eclipse-ecj.jar --enable-objc-gc --enable-multiarch --disable-werror --with-arch-32=i686 --with-abi=m64 --with-multilib-list=m32,m64,mx32 --with-tune=generic --enable-checking=release --build=x86_64-linux-gnu --host=x86_64-linux-gnu --target=x86_64-linux-gnu
Thread model: posix
gcc version 4.8.2 (Ubuntu 4.8.2-19ubuntu1) 
configure:12537: $? = 0
configure:12526: g++ -V >&5
g++: error: unrecognized command line option '-V'
g++: fatal error: no input files
compilation terminated.
configure:12537: $? = 4
configure:12526: g++ -qversion >&5
g++: error: unrecognized command line option '-qversion'
g++: fatal error: no input files
compilation terminated.
configure:12537: $? = 4
configure:12541: checking whether we are using the GNU C++ compiler
configure:12560: g++ -c   conftest.cpp >&5
configure:12560: $? = 0
configure:12569: result: yes
configure:12578: checking whether g++ accepts -g
configure:12598: g++ -c -g  conftest.cpp >&5
configure:12598: $? = 0
configure:12639: result: yes
configure:12680: checking how to run the C++ preprocessor
configure:12707: g++ -E  conftest.cpp
configure:12707: $? = 0
configure:12721: g++ -E  conftest.cpp
conftest.cpp:23:28: fatal error: ac_nonexistent.h: No such file or directory
 #include <ac_nonexistent.h>
                            ^
compilation terminated.
configure:12721: $? = 1
configure: failed program was:
| /* confdefs.h */
| #define PACKAGE_NAME "wslay"
| #define PACKAGE_TARNAME "wslay"
| #define PACKAGE_VERSION "1.0.1-DEV"
| #define PACKAGE_STRING "wslay 1.0.1-DEV"
| #define PACKAGE_BUGREPORT "t-tujikawa@users.sourceforge.net"
| #define PACKAGE_URL ""
| #define STDC_HEADERS 1
| #define HAVE_SYS_TYPES_H 1
| #define HAVE_SYS_STAT_H 1
| #define HAVE_STDLIB_H 1
| #define HAVE_STRING_H 1
| #define HAVE_MEMORY_H 1
| #define HAVE_STRINGS_H 1
| #define HAVE_INTTYPES_H 1
| #define HAVE_STDINT_H 1
| #define HAVE_UNISTD_H 1
| #define HAVE_DLFCN_H 1
| #define LT_OBJDIR ".libs/"
| #define PACKAGE "wslay"
| #define VERSION "1.0.1-DEV"
| /* end confdefs.h.  */
| #include <ac_nonexistent.h>
configure:12746: result: g++ -E
configure:12766: g++ -E  conftest.cpp
configure:12766: $? = 0
configure:12780: g++ -E  conftest.cpp
conftest.cpp:23:28: fatal error: ac_nonexistent.h: No such file or directory
 #include <ac_nonexistent.h>
                            ^
compilation terminated.
configure:12780: $? = 1
configure: failed program was:
| /* confdefs.h */
| #define PACKAGE_NAME "wslay"
| #define PACKAGE_TARNAME "wslay"
| #define PACKAGE_VERSION "1.0.1-DEV"
| #define PACKAGE_STRING "wslay 1.0.1-DEV"
| #define PACKAGE_BUGREPORT "t-tujikawa@users.sourceforge.net"
| #define PACKAGE_URL ""
| #define STDC_HEADERS 1
| #define HAVE_SYS_TYPES_H 1
| #define HAVE_SYS_STAT_H 1
| #define HAVE_STDLIB_H 1
| #define HAVE_STRING_H 1
| #define HAVE_MEMORY_H 1
| #define HAVE_STRINGS_H 1
| #define HAVE_INTTYPES_H 1
| #define HAVE_STDINT_H 1
| #define HAVE_UNISTD_H 1
| #define HAVE_DLFCN_H 1
| #define LT_OBJDIR ".libs/"
| #define PACKAGE "wslay"
| #define VERSION "1.0.1-DEV"
| /* end confdefs.h.  */
| #include <ac_nonexistent.h>
configure:12949: checking for ld used by g++
configure:13016: result: /usr/bin/ld -m elf_x86_64
configure:13023: checking if the linker (/usr/bin/ld -m elf_x86_64) is GNU ld
configure:13038: result: yes
configure:13093: checking whether the g++ linker (/usr/bin/ld -m elf_x86_64) supports shared libraries
configure:14095: result: yes
configure:14131: g++ -c -g -O2  conftest.cpp >&5
configure:14134: $? = 0
configure:14654: checking for g++ option to produce PIC
configure:14661: result: -fPIC -DPIC
configure:14669: checking if g++ PIC flag -fPIC -DPIC works
configure:14687: g++ -c -g -O2  -fPIC -DPIC -DPIC conftest.cpp >&5
configure:14691: $? = 0
configure:14704: result: yes
configure:14727: checking if g++ static flag -static works
configure:14755: result: yes
configure:14767: checking if g++ supports -c -o file.o
configure:14788: g++ -c -g -O2  -o out/conftest2.o conftest.cpp >&5
configure:14792: $? = 0
configure:14814: result: yes
configure:14819: checking if g++ supports -c -o file.o
configure:14866: result: yes
configure:14896: checking whether the g++ linker (/usr/bin/ld -m elf_x86_64) supports shared libraries
configure:14935: result: yes
configure:15076: checking dynamic linker characteristics
configure:15744: result: GNU/Linux ld.so
configure:15797: checking how to hardcode library paths into programs
configure:15822: result: immediate
configure:15864: checking dependency style of g++
configure:15975: result: gcc3
configure:15991: checking whether ln -s works
configure:15995: result: yes
configure:16002: checking whether make sets $(MAKE)
configure:16024: result: yes
configure:16087: checking for pkg-config
configure:16105: found /usr/bin/pkg-config
configure:16117: result: /usr/bin/pkg-config
configure:16142: checking pkg-config is at least version 0.20
configure:16145: result: yes
configure:16156: checking for sphinx-build
configure:16189: result: no
configure:16209: checking for NETTLE
configure:16216: $PKG_CONFIG --exists --print-errors "nettle >= 2.4"
configure:16219: $? = 0
configure:16233: $PKG_CONFIG --exists --print-errors "nettle >= 2.4"
configure:16236: $? = 0
configure:16274: result: yes
configure:16279: checking for CU_initialize_registry in -lcunit
configure:16304: gcc -o conftest -g -O2   conftest.c -lcunit   >&5
configure:16304: $? = 0
configure:16313: result: yes
configure:16349: checking arpa/inet.h usability
configure:16349: gcc -c -g -O2  conftest.c >&5
configure:16349: $? = 0
configure:16349: result: yes
configure:16349: checking arpa/inet.h presence
configure:16349: gcc -E  conftest.c
configure:16349: $? = 0
configure:16349: result: yes
configure:16349: checking for arpa/inet.h
configure:16349: result: yes
configure:16349: checking netinet/in.h usability
configure:16349: gcc -c -g -O2  conftest.c >&5
configure:16349: $? = 0
configure:16349: result: yes
configure:16349: checking netinet/in.h presence
configure:16349: gcc -E  conftest.c
configure:16349: $? = 0
configure:16349: result: yes
configure:16349: checking for netinet/in.h
configure:16349: result: yes
configure:16349: checking stddef.h usability
configure:16349: gcc -c -g -O2  conftest.c >&5
configure:16349: $? = 0
configure:16349: result: yes
configure:16349: checking stddef.h presence
configure:16349: gcc -E  conftest.c
configure:16349: $? = 0
configure:16349: result: yes
configure:16349: checking for stddef.h
configure:16349: result: yes
configure:16349: checking for stdint.h
configure:16349: result: yes
configure:16349: checking for stdlib.h
configure:16349: result: yes
configure:16349: checking for string.h
configure:16349: result: yes
configure:16349: checking for unistd.h
configure:16349: result: yes
configure:16379: checking for size_t
configure:16379: gcc -c -g -O2  conftest.c >&5
configure:16379: $? = 0
configure:16379: gcc -c -g -O2  conftest.c >&5
conftest.c: In function 'main':
conftest.c:66:21: error: expected expression before ')' token
 if (sizeof ((size_t)))
                     ^
configure:16379: $? = 1
configure: failed program was:
| /* confdefs.h */
| #define PACKAGE_NAME "wslay"
| #define PACKAGE_TARNAME "wslay"
| #define PACKAGE_VERSION "1.0.1-DEV"
| #define PACKAGE_STRING "wslay 1.0.1-DEV"
| #define PACKAGE_BUGREPORT "t-tujikawa@users.sourceforge.net"
| #define PACKAGE_URL ""
| #define STDC_HEADERS 1
| #define HAVE_SYS_TYPES_H 1
| #define HAVE_SYS_STAT_H 1
| #define HAVE_STDLIB_H 1
| #define HAVE_STRING_H 1
| #define HAVE_MEMORY_H 1
| #define HAVE_STRINGS_H 1
| #define HAVE_INTTYPES_H 1
| #define HAVE_STDINT_H 1
| #define HAVE_UNISTD_H 1
| #define HAVE_DLFCN_H 1
| #define LT_OBJDIR ".libs/"
| #define PACKAGE "wslay"
| #define VERSION "1.0.1-DEV"
| #define HAVE_ARPA_INET_H 1
| #define HAVE_NETINET_IN_H 1
| #define HAVE_STDDEF_H 1
| #define HAVE_STDINT_H 1
| #define HAVE_STDLIB_H 1
| #define HAVE_STRING_H 1
| #define HAVE_UNISTD_H 1
| /* end confdefs.h.  */
| #include <stdio.h>
| #ifdef HAVE_SYS_TYPES_H
| # include <sys/types.h>
| #endif
| #ifdef HAVE_SYS_STAT_H
| # include <sys/stat.h>
| #endif
| #ifdef STDC_HEADERS
| # include <stdlib.h>
| # include <stddef.h>
| #else
| # ifdef HAVE_STDLIB_H
| #  include <stdlib.h>
| # endif
| #endif
| #ifdef HAVE_STRING_H
| # if !defined STDC_HEADERS && defined HAVE_MEMORY_H
| #  include <memory.h>
| # endif
| # include <string.h>
| #endif
| #ifdef HAVE_STRINGS_H
| # include <strings.h>
| #endif
| #ifdef HAVE_INTTYPES_H
| # include <inttypes.h>
| #endif
| #ifdef HAVE_STDINT_H
| # include <stdint.h>
| #endif
| #ifdef HAVE_UNISTD_H
| # include <unistd.h>
| #endif
| int
| main ()
| {
| if (sizeof ((size_t)))
| 	    return 0;
|   ;
|   return 0;
| }
configure:16379: result: yes
configure:16390: checking for ssize_t
configure:16390: gcc -c -g -O2  conftest.c >&5
configure:16390: $? = 0
configure:16390: gcc -c -g -O2  conftest.c >&5
conftest.c: In function 'main':
conftest.c:66:22: error: expected expression before ')' token
 if (sizeof ((ssize_t)))
                      ^
configure:16390: $? = 1
configure: failed program was:
| /* confdefs.h */
| #define PACKAGE_NAME "wslay"
| #define PACKAGE_TARNAME "wslay"
| #define PACKAGE_VERSION "1.0.1-DEV"
| #define PACKAGE_STRING "wslay 1.0.1-DEV"
| #define PACKAGE_BUGREPORT "t-tujikawa@users.sourceforge.net"
| #define PACKAGE_URL ""
| #define STDC_HEADERS 1
| #define HAVE_SYS_TYPES_H 1
| #define HAVE_SYS_STAT_H 1
| #define HAVE_STDLIB_H 1
| #define HAVE_STRING_H 1
| #define HAVE_MEMORY_H 1
| #define HAVE_STRINGS_H 1
| #define HAVE_INTTYPES_H 1
| #define HAVE_STDINT_H 1
| #define HAVE_UNISTD_H 1
| #define HAVE_DLFCN_H 1
| #define LT_OBJDIR ".libs/"
| #define PACKAGE "wslay"
| #define VERSION "1.0.1-DEV"
| #define HAVE_ARPA_INET_H 1
| #define HAVE_NETINET_IN_H 1
| #define HAVE_STDDEF_H 1
| #define HAVE_STDINT_H 1
| #define HAVE_STDLIB_H 1
| #define HAVE_STRING_H 1
| #define HAVE_UNISTD_H 1
| /* end confdefs.h.  */
| #include <stdio.h>
| #ifdef HAVE_SYS_TYPES_H
| # include <sys/types.h>
| #endif
| #ifdef HAVE_SYS_STAT_H
| # include <sys/stat.h>
| #endif
| #ifdef STDC_HEADERS
| # include <stdlib.h>
| # include <stddef.h>
| #else
| # ifdef HAVE_STDLIB_H
| #  include <stdlib.h>
| # endif
| #endif
| #ifdef HAVE_STRING_H
| # if !defined STDC_HEADERS && defined HAVE_MEMORY_H
| #  include <memory.h>
| # endif
| # include <string.h>
| #endif
| #ifdef HAVE_STRINGS_H
| # include <strings.h>
| #endif
| #ifdef HAVE_INTTYPES_H
| # include <inttypes.h>
| #endif
| #ifdef HAVE_STDINT_H
| # include <stdint.h>
| #endif
| #ifdef HAVE_UNISTD_H
| # include <unistd.h>
| #endif
| int
| main ()
| {
| if (sizeof ((ssize_t)))
| 	    return 0;
|   ;
|   return 0;
| }
configure:16390: result: yes
configure:16401: checking for uint8_t
configure:16401: gcc -c -g -O2  conftest.c >&5
configure:16401: $? = 0
configure:16401: result: yes
configure:16415: checking for uint16_t
configure:16415: gcc -c -g -O2  conftest.c >&5
configure:16415: $? = 0
configure:16415: result: yes
configure:16427: checking for uint32_t
configure:16427: gcc -c -g -O2  conftest.c >&5
configure:16427: $? = 0
configure:16427: result: yes
configure:16441: checking for uint64_t
configure:16441: gcc -c -g -O2  conftest.c >&5
configure:16441: $? = 0
configure:16441: result: yes
configure:16455: checking for ptrdiff_t
configure:16455: gcc -c -g -O2  conftest.c >&5
configure:16455: $? = 0
configure:16455: gcc -c -g -O2  conftest.c >&5
conftest.c: In function 'main':
conftest.c:66:24: error: expected expression before ')' token
 if (sizeof ((ptrdiff_t)))
                        ^
configure:16455: $? = 1
configure: failed program was:
| /* confdefs.h */
| #define PACKAGE_NAME "wslay"
| #define PACKAGE_TARNAME "wslay"
| #define PACKAGE_VERSION "1.0.1-DEV"
| #define PACKAGE_STRING "wslay 1.0.1-DEV"
| #define PACKAGE_BUGREPORT "t-tujikawa@users.sourceforge.net"
| #define PACKAGE_URL ""
| #define STDC_HEADERS 1
| #define HAVE_SYS_TYPES_H 1
| #define HAVE_SYS_STAT_H 1
| #define HAVE_STDLIB_H 1
| #define HAVE_STRING_H 1
| #define HAVE_MEMORY_H 1
| #define HAVE_STRINGS_H 1
| #define HAVE_INTTYPES_H 1
| #define HAVE_STDINT_H 1
| #define HAVE_UNISTD_H 1
| #define HAVE_DLFCN_H 1
| #define LT_OBJDIR ".libs/"
| #define PACKAGE "wslay"
| #define VERSION "1.0.1-DEV"
| #define HAVE_ARPA_INET_H 1
| #define HAVE_NETINET_IN_H 1
| #define HAVE_STDDEF_H 1
| #define HAVE_STDINT_H 1
| #define HAVE_STDLIB_H 1
| #define HAVE_STRING_H 1
| #define HAVE_UNISTD_H 1
| /* end confdefs.h.  */
| #include <stdio.h>
| #ifdef HAVE_SYS_TYPES_H
| # include <sys/types.h>
| #endif
| #ifdef HAVE_SYS_STAT_H
| # include <sys/stat.h>
| #endif
| #ifdef STDC_HEADERS
| # include <stdlib.h>
| # include <stddef.h>
| #else
| # ifdef HAVE_STDLIB_H
| #  include <stdlib.h>
| # endif
| #endif
| #ifdef HAVE_STRING_H
| # if !defined STDC_HEADERS && defined HAVE_MEMORY_H
| #  include <memory.h>
| # endif
| # include <string.h>
| #endif
| #ifdef HAVE_STRINGS_H
| # include <strings.h>
| #endif
| #ifdef HAVE_INTTYPES_H
| # include <inttypes.h>
| #endif
| #ifdef HAVE_STDINT_H
| # include <stdint.h>
| #endif
| #ifdef HAVE_UNISTD_H
| # include <unistd.h>
| #endif
| int
| main ()
| {
| if (sizeof ((ptrdiff_t)))
| 	    return 0;
|   ;
|   return 0;
| }
configure:16455: result: yes
configure:16465: checking whether byte ordering is bigendian
configure:16480: gcc -c -g -O2  conftest.c >&5
conftest.c:32:9: error: unknown type name 'not'
         not a universal capable compiler
         ^
conftest.c:32:15: error: expected '=', ',', ';', 'asm' or '__attribute__' before 'universal'
         not a universal capable compiler
               ^
conftest.c:32:15: error: unknown type name 'universal'
configure:16480: $? = 1
configure: failed program was:
| /* confdefs.h */
| #define PACKAGE_NAME "wslay"
| #define PACKAGE_TARNAME "wslay"
| #define PACKAGE_VERSION "1.0.1-DEV"
| #define PACKAGE_STRING "wslay 1.0.1-DEV"
| #define PACKAGE_BUGREPORT "t-tujikawa@users.sourceforge.net"
| #define PACKAGE_URL ""
| #define STDC_HEADERS 1
| #define HAVE_SYS_TYPES_H 1
| #define HAVE_SYS_STAT_H 1
| #define HAVE_STDLIB_H 1
| #define HAVE_STRING_H 1
| #define HAVE_MEMORY_H 1
| #define HAVE_STRINGS_H 1
| #define HAVE_INTTYPES_H 1
| #define HAVE_STDINT_H 1
| #define HAVE_UNISTD_H 1
| #define HAVE_DLFCN_H 1
| #define LT_OBJDIR ".libs/"
| #define PACKAGE "wslay"
| #define VERSION "1.0.1-DEV"
| #define HAVE_ARPA_INET_H 1
| #define HAVE_NETINET_IN_H 1
| #define HAVE_STDDEF_H 1
| #define HAVE_STDINT_H 1
| #define HAVE_STDLIB_H 1
| #define HAVE_STRING_H 1
| #define HAVE_UNISTD_H 1
| #define HAVE_PTRDIFF_T 1
| /* end confdefs.h.  */
| #ifndef __APPLE_CC__
| 	       not a universal capable compiler
| 	     #endif
| 	     typedef int dummy;
| 
configure:16525: gcc -c -g -O2  conftest.c >&5
configure:16525: $? = 0
configure:16543: gcc -c -g -O2  conftest.c >&5
conftest.c: In function 'main':
conftest.c:38:4: error: unknown type name 'not'
    not big endian
    ^
conftest.c:38:12: error: expected '=', ',', ';', 'asm' or '__attribute__' before 'endian'
    not big endian
            ^
configure:16543: $? = 1
configure: failed program was:
| /* confdefs.h */
| #define PACKAGE_NAME "wslay"
| #define PACKAGE_TARNAME "wslay"
| #define PACKAGE_VERSION "1.0.1-DEV"
| #define PACKAGE_STRING "wslay 1.0.1-DEV"
| #define PACKAGE_BUGREPORT "t-tujikawa@users.sourceforge.net"
| #define PACKAGE_URL ""
| #define STDC_HEADERS 1
| #define HAVE_SYS_TYPES_H 1
| #define HAVE_SYS_STAT_H 1
| #define HAVE_STDLIB_H 1
| #define HAVE_STRING_H 1
| #define HAVE_MEMORY_H 1
| #define HAVE_STRINGS_H 1
| #define HAVE_INTTYPES_H 1
| #define HAVE_STDINT_H 1
| #define HAVE_UNISTD_H 1
| #define HAVE_DLFCN_H 1
| #define LT_OBJDIR ".libs/"
| #define PACKAGE "wslay"
| #define VERSION "1.0.1-DEV"
| #define HAVE_ARPA_INET_H 1
| #define HAVE_NETINET_IN_H 1
| #define HAVE_STDDEF_H 1
| #define HAVE_STDINT_H 1
| #define HAVE_STDLIB_H 1
| #define HAVE_STRING_H 1
| #define HAVE_UNISTD_H 1
| #define HAVE_PTRDIFF_T 1
| /* end confdefs.h.  */
| #include <sys/types.h>
| 		#include <sys/param.h>
| 
| int
| main ()
| {
| #if BYTE_ORDER != BIG_ENDIAN
| 		 not big endian
| 		#endif
| 
|   ;
|   return 0;
| }
configure:16671: result: no
configure:16694: checking for stdlib.h
configure:16694: result: yes
configure:16704: checking for GNU libc compatible malloc
configure:16728: gcc -o conftest -g -O2   conftest.c  >&5
configure:16728: $? = 0
configure:16728: ./conftest
configure:16728: $? = 0
configure:16738: result: yes
configure:16769: checking for memmove
configure:16769: gcc -o conftest -g -O2   conftest.c  >&5
conftest.c:56:6: warning: conflicting types for built-in function 'memmove' [enabled by default]
 char memmove ();
      ^
configure:16769: $? = 0
configure:16769: result: yes
configure:16769: checking for memset
configure:16769: gcc -o conftest -g -O2   conftest.c  >&5
conftest.c:57:6: warning: conflicting types for built-in function 'memset' [enabled by default]
 char memset ();
      ^
configure:16769: $? = 0
configure:16769: result: yes
configure:16769: checking for ntohl
configure:16769: gcc -o conftest -g -O2   conftest.c  >&5
configure:16769: $? = 0
configure:16769: result: yes
configure:16769: checking for ntohs
configure:16769: gcc -o conftest -g -O2   conftest.c  >&5
configure:16769: $? = 0
configure:16769: result: yes
configure:16769: checking for htons
configure:16769: gcc -o conftest -g -O2   conftest.c  >&5
configure:16769: $? = 0
configure:16769: result: yes
configure:16908: checking that generated files are newer than configure
configure:16914: result: done
configure:16954: creating ./config.status
configure:19463: summary of build options:

    version:        1.0.1-DEV shared 0:1:0
    Host type:      x86_64-unknown-linux-gnu
    Install prefix: /usr/local
    C compiler:     gcc
    CFlags:         -g -O2
    Library types:  Shared=yes, Static=yes
    CUnit:          yes
    Nettle:         yes
    Build examples: yes


## ---------------- ##
## Cache variables. ##
## ---------------- ##

ac_cv_build=x86_64-unknown-linux-gnu
ac_cv_c_bigendian=no
ac_cv_c_compiler_gnu=yes
ac_cv_c_uint16_t=yes
ac_cv_c_uint32_t=yes
ac_cv_c_uint64_t=yes
ac_cv_c_uint8_t=yes
ac_cv_cxx_compiler_gnu=yes
ac_cv_env_CCC_set=
ac_cv_env_CCC_value=
ac_cv_env_CC_set=
ac_cv_env_CC_value=
ac_cv_env_CFLAGS_set=
ac_cv_env_CFLAGS_value=
ac_cv_env_CPPFLAGS_set=
ac_cv_env_CPPFLAGS_value=
ac_cv_env_CPP_set=
ac_cv_env_CPP_value=
ac_cv_env_CXXCPP_set=
ac_cv_env_CXXCPP_value=
ac_cv_env_CXXFLAGS_set=
ac_cv_env_CXXFLAGS_value=
ac_cv_env_CXX_set=
ac_cv_env_CXX_value=
ac_cv_env_LDFLAGS_set=
ac_cv_env_LDFLAGS_value=
ac_cv_env_LIBS_set=
ac_cv_env_LIBS_value=
ac_cv_env_NETTLE_CFLAGS_set=
ac_cv_env_NETTLE_CFLAGS_value=
ac_cv_env_NETTLE_LIBS_set=
ac_cv_env_NETTLE_LIBS_value=
ac_cv_env_PKG_CONFIG_LIBDIR_set=
ac_cv_env_PKG_CONFIG_LIBDIR_value=
ac_cv_env_PKG_CONFIG_PATH_set=
ac_cv_env_PKG_CONFIG_PATH_value=
ac_cv_env_PKG_CONFIG_set=
ac_cv_env_PKG_CONFIG_value=
ac_cv_env_build_alias_set=
ac_cv_env_build_alias_value=
ac_cv_env_host_alias_set=
ac_cv_env_host_alias_value=
ac_cv_env_target_alias_set=
ac_cv_env_target_alias_value=
ac_cv_func_htons=yes
ac_cv_func_malloc_0_nonnull=yes
ac_cv_func_memmove=yes
ac_cv_func_memset=yes
ac_cv_func_ntohl=yes
ac_cv_func_ntohs=yes
ac_cv_header_arpa_inet_h=yes
ac_cv_header_dlfcn_h=yes
ac_cv_header_inttypes_h=yes
ac_cv_header_memory_h=yes
ac_cv_header_netinet_in_h=yes
ac_cv_header_stdc=yes
ac_cv_header_stddef_h=yes
ac_cv_header_stdint_h=yes
ac_cv_header_stdlib_h=yes
ac_cv_header_string_h=yes
ac_cv_header_strings_h=yes
ac_cv_header_sys_stat_h=yes
ac_cv_header_sys_types_h=yes
ac_cv_header_unistd_h=yes
ac_cv_host=x86_64-unknown-linux-gnu
ac_cv_lib_cunit_CU_initialize_registry=yes
ac_cv_objext=o
ac_cv_path_EGREP='/bin/grep -E'
ac_cv_path_FGREP='/bin/grep -F'
ac_cv_path_GREP=/bin/grep
ac_cv_path_SED=/bin/sed
ac_cv_path_ac_pt_PKG_CONFIG=/usr/bin/pkg-config
ac_cv_path_install='/usr/bin/install -c'
ac_cv_path_mkdir=/bin/mkdir
ac_cv_prog_AWK=mawk
ac_cv_prog_CPP='gcc -E'
ac_cv_prog_CXXCPP='g++ -E'
ac_cv_prog_ac_ct_AR=ar
ac_cv_prog_ac_ct_CC=gcc
ac_cv_prog_ac_ct_CXX=g++
ac_cv_prog_ac_ct_MANIFEST_TOOL=mt
ac_cv_prog_ac_ct_OBJDUMP=objdump
ac_cv_prog_ac_ct_RANLIB=ranlib
ac_cv_prog_ac_ct_STRIP=strip
ac_cv_prog_cc_c89=
ac_cv_prog_cc_g=yes
ac_cv_prog_cxx_g=yes
ac_cv_prog_make_make_set=yes
ac_cv_target=x86_64-unknown-linux-gnu
ac_cv_type_ptrdiff_t=yes
ac_cv_type_size_t=yes
ac_cv_type_ssize_t=yes
am_cv_CC_dependencies_compiler_type=gcc3
am_cv_CXX_dependencies_compiler_type=gcc3
am_cv_make_support_nested_variables=yes
am_cv_prog_cc_c_o=yes
lt_cv_ar_at_file=@
lt_cv_archive_cmds_need_lc=no
lt_cv_deplibs_check_method=pass_all
lt_cv_file_magic_cmd='$MAGIC_CMD'
lt_cv_file_magic_test_file=
lt_cv_ld_reload_flag=-r
lt_cv_nm_interface='BSD nm'
lt_cv_objdir=.libs
lt_cv_path_LD=/usr/bin/ld
lt_cv_path_LDCXX='/usr/bin/ld -m elf_x86_64'
lt_cv_path_NM='/usr/bin/nm -B'
lt_cv_path_mainfest_tool=no
lt_cv_prog_compiler_c_o=yes
lt_cv_prog_compiler_c_o_CXX=yes
lt_cv_prog_compiler_pic='-fPIC -DPIC'
lt_cv_prog_compiler_pic_CXX='-fPIC -DPIC'
lt_cv_prog_compiler_pic_works=yes
lt_cv_prog_compiler_pic_works_CXX=yes
lt_cv_prog_compiler_rtti_exceptions=no
lt_cv_prog_compiler_static_works=yes
lt_cv_prog_compiler_static_works_CXX=yes
lt_cv_prog_gnu_ld=yes
lt_cv_prog_gnu_ldcxx=yes
lt_cv_sharedlib_from_linklib_cmd='printf %s\n'
lt_cv_shlibpath_overrides_runpath=no
lt_cv_sys_global_symbol_pipe='sed -n -e '\''s/^.*[	 ]\([ABCDGIRSTW][ABCDGIRSTW]*\)[	 ][	 ]*\([_A-Za-z][_A-Za-z0-9]*\)$/\1 \2 \2/p'\'' | sed '\''/ __gnu_lto/d'\'''
lt_cv_sys_global_symbol_to_c_name_address='sed -n -e '\''s/^: \([^ ]*\)[ ]*$/  {\"\1\", (void *) 0},/p'\'' -e '\''s/^[ABCDGIRSTW]* \([^ ]*\) \([^ ]*\)$/  {"\2", (void *) \&\2},/p'\'''
lt_cv_sys_global_symbol_to_c_name_address_lib_prefix='sed -n -e '\''s/^: \([^ ]*\)[ ]*$/  {\"\1\", (void *) 0},/p'\'' -e '\''s/^[ABCDGIRSTW]* \([^ ]*\) \(lib[^ ]*\)$/  {"\2", (void *) \&\2},/p'\'' -e '\''s/^[ABCDGIRSTW]* \([^ ]*\) \([^ ]*\)$/  {"lib\2", (void *) \&\2},/p'\'''
lt_cv_sys_global_symbol_to_cdecl='sed -n -e '\''s/^T .* \(.*\)$/extern int \1();/p'\'' -e '\''s/^[ABCDGIRSTW]* .* \(.*\)$/extern char \1;/p'\'''
lt_cv_sys_max_cmd_len=3458764513820540925
lt_cv_to_host_file_cmd=func_convert_file_noop
lt_cv_to_tool_file_cmd=func_convert_file_noop
pkg_cv_NETTLE_CFLAGS=' '
pkg_cv_NETTLE_LIBS='-lnettle  '

## ----------------- ##
## Output variables. ##
## ----------------- ##

ACLOCAL='${SHELL} /home/ubuntu/CarbonComet/wslay/missing aclocal-1.14'
AMDEPBACKSLASH='\'
AMDEP_FALSE='#'
AMDEP_TRUE=''
AMTAR='$${TAR-tar}'
AM_BACKSLASH='\'
AM_DEFAULT_V='$(AM_DEFAULT_VERBOSITY)'
AM_DEFAULT_VERBOSITY='1'
AM_V='$(V)'
AR='ar'
AUTOCONF='${SHELL} /home/ubuntu/CarbonComet/wslay/missing autoconf'
AUTOHEADER='${SHELL} /home/ubuntu/CarbonComet/wslay/missing autoheader'
AUTOMAKE='${SHELL} /home/ubuntu/CarbonComet/wslay/missing automake-1.14'
AWK='mawk'
CC='gcc'
CCDEPMODE='depmode=gcc3'
CFLAGS='-g -O2'
CPP='gcc -E'
CPPFLAGS=''
CXX='g++'
CXXCPP='g++ -E'
CXXDEPMODE='depmode=gcc3'
CXXFLAGS='-g -O2'
CYGPATH_W='echo'
DEFS='-DHAVE_CONFIG_H'
DEPDIR='.deps'
DLLTOOL='false'
DSYMUTIL=''
DUMPBIN=''
ECHO_C=''
ECHO_N='-n'
ECHO_T=''
EGREP='/bin/grep -E'
ENABLE_EXAMPLES_FALSE='#'
ENABLE_EXAMPLES_TRUE=''
EXEEXT=''
FGREP='/bin/grep -F'
GREP='/bin/grep'
HAVE_CUNIT_FALSE='#'
HAVE_CUNIT_TRUE=''
HAVE_SPHINX_BUILD_FALSE=''
HAVE_SPHINX_BUILD_TRUE='#'
INSTALL_DATA='${INSTALL} -m 644'
INSTALL_PROGRAM='${INSTALL}'
INSTALL_SCRIPT='${INSTALL}'
INSTALL_STRIP_PROGRAM='$(install_sh) -c -s'
LD='/usr/bin/ld -m elf_x86_64'
LDFLAGS=''
LIBOBJS=''
LIBS=''
LIBTOOL='$(SHELL) $(top_builddir)/libtool'
LIPO=''
LN_S='ln -s'
LTLIBOBJS=''
LT_AGE='0'
LT_CURRENT='0'
LT_REVISION='1'
MAKEINFO='${SHELL} /home/ubuntu/CarbonComet/wslay/missing makeinfo'
MANIFEST_TOOL=':'
MKDIR_P='/bin/mkdir -p'
NETTLE_CFLAGS=' '
NETTLE_LIBS='-lnettle  '
NM='/usr/bin/nm -B'
NMEDIT=''
OBJDUMP='objdump'
OBJEXT='o'
OTOOL64=''
OTOOL=''
PACKAGE='wslay'
PACKAGE_BUGREPORT='t-tujikawa@users.sourceforge.net'
PACKAGE_NAME='wslay'
PACKAGE_STRING='wslay 1.0.1-DEV'
PACKAGE_TARNAME='wslay'
PACKAGE_URL=''
PACKAGE_VERSION='1.0.1-DEV'
PATH_SEPARATOR=':'
PKG_CONFIG='/usr/bin/pkg-config'
PKG_CONFIG_LIBDIR=''
PKG_CONFIG_PATH=''
RANLIB='ranlib'
SED='/bin/sed'
SET_MAKE=''
SHELL='/bin/bash'
SPHINX_BUILD=''
STRIP='strip'
VERSION='1.0.1-DEV'
ac_ct_AR='ar'
ac_ct_CC='gcc'
ac_ct_CXX='g++'
ac_ct_DUMPBIN=''
am__EXEEXT_FALSE=''
am__EXEEXT_TRUE='#'
am__fastdepCC_FALSE='#'
am__fastdepCC_TRUE=''
am__fastdepCXX_FALSE='#'
am__fastdepCXX_TRUE=''
am__include='include'
am__isrc=''
am__leading_dot='.'
am__nodep='_no'
am__quote=''
am__tar='$${TAR-tar} chof - "$$tardir"'
am__untar='$${TAR-tar} xf -'
bindir='${exec_prefix}/bin'
build='x86_64-unknown-linux-gnu'
build_alias=''
build_cpu='x86_64'
build_os='linux-gnu'
build_vendor='unknown'
datadir='${datarootdir}'
datarootdir='${prefix}/share'
docdir='${datarootdir}/doc/${PACKAGE_TARNAME}'
dvidir='${docdir}'
exec_prefix='${prefix}'
host='x86_64-unknown-linux-gnu'
host_alias=''
host_cpu='x86_64'
host_os='linux-gnu'
host_vendor='unknown'
htmldir='${docdir}'
includedir='${prefix}/include'
infodir='${datarootdir}/info'
install_sh='${SHELL} /home/ubuntu/CarbonComet/wslay/install-sh'
libdir='${exec_prefix}/lib'
libexecdir='${exec_prefix}/libexec'
localedir='${datarootdir}/locale'
localstatedir='${prefix}/var'
mandir='${datarootdir}/man'
mkdir_p='$(MKDIR_P)'
oldincludedir='/usr/include'
pdfdir='${docdir}'
prefix='/usr/local'
program_transform_name='s,x,x,'
psdir='${docdir}'
sbindir='${exec_prefix}/sbin'
sharedstatedir='${prefix}/com'
sysconfdir='${prefix}/etc'
target='x86_64-unknown-linux-gnu'
target_alias=''
target_cpu='x86_64'
target_os='linux-gnu'
target_vendor='unknown'

## ----------- ##
## confdefs.h. ##
## ----------- ##

/* confdefs.h */
#define PACKAGE_NAME "wslay"
#define PACKAGE_TARNAME "wslay"
#define PACKAGE_VERSION "1.0.1-DEV"
#define PACKAGE_STRING "wslay 1.0.1-DEV"
#define PACKAGE_BUGREPORT "t-tujikawa@users.sourceforge.net"
#define PACKAGE_URL ""
#define STDC_HEADERS 1
#define HAVE_SYS_TYPES_H 1
#define HAVE_SYS_STAT_H 1
#define HAVE_STDLIB_H 1
#define HAVE_STRING_H 1
#define HAVE_MEMORY_H 1
#define HAVE_STRINGS_H 1
#define HAVE_INTTYPES_H 1
#define HAVE_STDINT_H 1
#define HAVE_UNISTD_H 1
#define HAVE_DLFCN_H 1
#define LT_OBJDIR ".libs/"
#define PACKAGE "wslay"
#define VERSION "1.0.1-DEV"
#define HAVE_ARPA_INET_H 1
#define HAVE_NETINET_IN_H 1
#define HAVE_STDDEF_H 1
#define HAVE_STDINT_H 1
#define HAVE_STDLIB_H 1
#define HAVE_STRING_H 1
#define HAVE_UNISTD_H 1
#define HAVE_PTRDIFF_T 1
#define HAVE_STDLIB_H 1
#define HAVE_MALLOC 1
#define HAVE_MEMMOVE 1
#define HAVE_MEMSET 1
#define HAVE_NTOHL 1
#define HAVE_NTOHS 1
#define HAVE_HTONS 1

configure: exit 0

## ---------------------- ##
## Running config.status. ##
## ---------------------- ##

This file was extended by wslay config.status 1.0.1-DEV, which was
generated by GNU Autoconf 2.69.  Invocation command line was

  CONFIG_FILES    = 
  CONFIG_HEADERS  = 
  CONFIG_LINKS    = 
  CONFIG_COMMANDS = 
  $ ./config.status 

on ubuntu

config.status:1185: creating Makefile
config.status:1185: creating lib/Makefile
config.status:1185: creating lib/libwslay.pc
config.status:1185: creating lib/includes/Makefile
config.status:1185: creating lib/includes/wslay/wslayver.h
config.status:1185: creating tests/Makefile
config.status:1185: creating examples/Makefile
config.status:1185: creating doc/Makefile
config.status:1185: creating doc/sphinx/conf.py
config.status:1185: creating config.h
config.status:1366: config.h is unchanged
config.status:1414: executing libtool commands
config.status:1414: executing depfiles commands

## ---------------------- ##
## Running config.status. ##
## ---------------------- ##

This file was extended by wslay config.status 1.0.1-DEV, which was
generated by GNU Autoconf 2.69.  Invocation command line was

  CONFIG_FILES    = 
  CONFIG_HEADERS  = 
  CONFIG_LINKS    = 
  CONFIG_COMMANDS = 
  $ ./config.status config.h

on ubuntu

config.status:1185: creating config.h
config.status:1366: config.h is unchanged
