This file contains any messages produced by compilers while
running configure, to aid debugging if configure makes a mistake.

It was created by ccometd configure 0.9, which was
generated by GNU Autoconf 2.69.  Invocation command line was

  $ ./configure 

## --------- ##
## Platform. ##
## --------- ##

hostname = Mac-mini-de-Morvan.local
uname -m = x86_64
uname -r = 14.3.0
uname -s = Darwin
uname -v = Darwin Kernel Version 14.3.0: Mon Mar 23 11:59:05 PDT 2015; root:xnu-2782.20.48~5/RELEASE_X86_64

/usr/bin/uname -p = i386
/bin/uname -X     = unknown

/bin/arch              = unknown
/usr/bin/arch -k       = unknown
/usr/convex/getsysinfo = unknown
/usr/bin/hostinfo      = Mach kernel version:
	 Darwin Kernel Version 14.3.0: Mon Mar 23 11:59:05 PDT 2015; root:xnu-2782.20.48~5/RELEASE_X86_64
Kernel configured for up to 4 processors.
2 processors are physically available.
4 processors are logically available.
Processor type: x86_64h (Intel x86-64h Haswell)
Processors active: 0 1 2 3
Primary memory available: 8.00 gigabytes
Default processor set: 237 tasks, 960 threads, 4 processors
Load average: 1.28, Mach factor: 2.70
/bin/machine           = unknown
/usr/bin/oslevel       = unknown
/bin/universe          = unknown

PATH: /usr/local/bin
PATH: /usr/bin
PATH: /bin
PATH: /usr/sbin
PATH: /sbin
PATH: /opt/X11/bin


## ----------- ##
## Core tests. ##
## ----------- ##

configure:2339: checking for a BSD-compatible install
configure:2407: result: /usr/bin/install -c
configure:2418: checking whether build environment is sane
configure:2473: result: yes
configure:2624: checking for a thread-safe mkdir -p
configure:2663: result: ./install-sh -c -d
configure:2670: checking for gawk
configure:2700: result: no
configure:2670: checking for mawk
configure:2700: result: no
configure:2670: checking for nawk
configure:2700: result: no
configure:2670: checking for awk
configure:2686: found /usr/bin/awk
configure:2697: result: awk
configure:2708: checking whether make sets $(MAKE)
configure:2730: result: yes
configure:2759: checking whether make supports nested variables
configure:2776: result: yes
configure:2956: checking for gcc
configure:2972: found /usr/bin/gcc
configure:2983: result: gcc
configure:3212: checking for C compiler version
configure:3221: gcc --version >&5
Apple LLVM version 6.1.0 (clang-602.0.49) (based on LLVM 3.6.0svn)
Target: x86_64-apple-darwin14.3.0
Thread model: posix
Configured with: --prefix=/Applications/Xcode.app/Contents/Developer/usr --with-gxx-include-dir=/Applications/Xcode.app/Contents/Developer/Platforms/MacOSX.platform/Developer/SDKs/MacOSX10.10.sdk/usr/include/c++/4.2.1
configure:3232: $? = 0
configure:3221: gcc -v >&5
Configured with: --prefix=/Applications/Xcode.app/Contents/Developer/usr --with-gxx-include-dir=/Applications/Xcode.app/Contents/Developer/Platforms/MacOSX.platform/Developer/SDKs/MacOSX10.10.sdk/usr/include/c++/4.2.1
Apple LLVM version 6.1.0 (clang-602.0.49) (based on LLVM 3.6.0svn)
Target: x86_64-apple-darwin14.3.0
Thread model: posix
configure:3232: $? = 0
configure:3221: gcc -V >&5
clang: error: argument to '-V' is missing (expected 1 value)
clang: error: no input files
configure:3232: $? = 1
configure:3221: gcc -qversion >&5
clang: error: unknown argument: '-qversion'
clang: error: no input files
configure:3232: $? = 1
configure:3252: checking whether the C compiler works
configure:3274: gcc    conftest.c  >&5
configure:3278: $? = 0
configure:3326: result: yes
configure:3329: checking for C compiler default output file name
configure:3331: result: a.out
configure:3337: checking for suffix of executables
configure:3344: gcc -o conftest    conftest.c  >&5
configure:3348: $? = 0
configure:3370: result: 
configure:3392: checking whether we are cross compiling
configure:3400: gcc -o conftest    conftest.c  >&5
configure:3404: $? = 0
configure:3411: ./conftest
configure:3415: $? = 0
configure:3430: result: no
configure:3435: checking for suffix of object files
configure:3457: gcc -c   conftest.c >&5
configure:3461: $? = 0
configure:3482: result: o
configure:3486: checking whether we are using the GNU C compiler
configure:3505: gcc -c   conftest.c >&5
configure:3505: $? = 0
configure:3514: result: yes
configure:3523: checking whether gcc accepts -g
configure:3543: gcc -c -g  conftest.c >&5
configure:3543: $? = 0
configure:3584: result: yes
configure:3601: checking for gcc option to accept ISO C89
configure:3664: gcc  -c -g -O2  conftest.c >&5
configure:3664: $? = 0
configure:3677: result: none needed
configure:3702: checking whether gcc understands -c and -o together
configure:3724: gcc -c conftest.c -o conftest2.o
configure:3727: $? = 0
configure:3724: gcc -c conftest.c -o conftest2.o
configure:3727: $? = 0
configure:3739: result: yes
configure:3767: checking for style of include used by make
configure:3795: result: GNU
configure:3821: checking dependency style of gcc
configure:3932: result: gcc3
configure:3976: checking build system type
configure:3990: result: x86_64-apple-darwin14.3.0
configure:4010: checking host system type
configure:4023: result: x86_64-apple-darwin14.3.0
configure:4064: checking how to print strings
configure:4091: result: printf
configure:4112: checking for a sed that does not truncate output
configure:4176: result: /usr/bin/sed
configure:4194: checking for grep that handles long lines and -e
configure:4252: result: /usr/bin/grep
configure:4257: checking for egrep
configure:4319: result: /usr/bin/grep -E
configure:4324: checking for fgrep
configure:4386: result: /usr/bin/grep -F
configure:4421: checking for ld used by gcc
configure:4488: result: /Applications/Xcode.app/Contents/Developer/Toolchains/XcodeDefault.xctoolchain/usr/bin/ld
configure:4495: checking if the linker (/Applications/Xcode.app/Contents/Developer/Toolchains/XcodeDefault.xctoolchain/usr/bin/ld) is GNU ld
configure:4510: result: no
configure:4522: checking for BSD- or MS-compatible name lister (nm)
configure:4576: result: /usr/bin/nm
configure:4706: checking the name lister (/usr/bin/nm) interface
configure:4713: gcc -c -g -O2  conftest.c >&5
configure:4716: /usr/bin/nm "conftest.o"
configure:4719: output
00000000000001e8 S _some_variable
configure:4726: result: BSD nm
configure:4729: checking whether ln -s works
configure:4733: result: yes
configure:4741: checking the maximum length of command line arguments
configure:4872: result: 196608
configure:4920: checking how to convert x86_64-apple-darwin14.3.0 file names to x86_64-apple-darwin14.3.0 format
configure:4960: result: func_convert_file_noop
configure:4967: checking how to convert x86_64-apple-darwin14.3.0 file names to toolchain format
configure:4987: result: func_convert_file_noop
configure:4994: checking for /Applications/Xcode.app/Contents/Developer/Toolchains/XcodeDefault.xctoolchain/usr/bin/ld option to reload object files
configure:5001: result: -r
configure:5075: checking for objdump
configure:5105: result: no
configure:5134: checking how to recognize dependent libraries
configure:5334: result: pass_all
configure:5419: checking for dlltool
configure:5449: result: no
configure:5479: checking how to associate runtime and link libraries
configure:5506: result: printf %s\n
configure:5567: checking for ar
configure:5583: found /usr/bin/ar
configure:5594: result: ar
configure:5631: checking for archiver @FILE support
configure:5648: gcc -c -g -O2  conftest.c >&5
configure:5648: $? = 0
configure:5651: ar cru libconftest.a @conftest.lst >&5
ar: @conftest.lst: No such file or directory
configure:5654: $? = 1
configure:5674: result: no
configure:5732: checking for strip
configure:5748: found /usr/bin/strip
configure:5759: result: strip
configure:5831: checking for ranlib
configure:5847: found /usr/bin/ranlib
configure:5858: result: ranlib
configure:5960: checking command to parse /usr/bin/nm output from gcc object
configure:6113: gcc -c -g -O2  conftest.c >&5
configure:6116: $? = 0
configure:6120: /usr/bin/nm conftest.o \| sed -n -e 's/^.*[ ]\([BCDEGRST][BCDEGRST]*\)[ ][ ]*\([_A-Za-z][_A-Za-z0-9]*\)$/\1 \2 \2/p' | sed '/ __gnu_lto/d' \> conftest.nm
configure:6123: $? = 0
cannot find nm_test_var in conftest.nm
configure:6113: gcc -c -g -O2  conftest.c >&5
configure:6116: $? = 0
configure:6120: /usr/bin/nm conftest.o \| sed -n -e 's/^.*[ ]\([BCDEGRST][BCDEGRST]*\)[ ][ ]*_\([_A-Za-z][_A-Za-z0-9]*\)$/\1 _\2 \2/p' | sed '/ __gnu_lto/d' \> conftest.nm
configure:6123: $? = 0
configure:6189: gcc -o conftest -g -O2   conftest.c conftstm.o >&5
configure:6192: $? = 0
configure:6230: result: ok
configure:6277: checking for sysroot
configure:6307: result: no
configure:6314: checking for a working dd
configure:6352: result: /bin/dd
configure:6356: checking how to truncate binary pipes
configure:6371: result: /bin/dd bs=4096 count=1
configure:6700: checking for mt
configure:6730: result: no
configure:6750: checking if : is a manifest tool
configure:6756: : '-?'
configure:6764: result: no
configure:6820: checking for dsymutil
configure:6836: found /usr/bin/dsymutil
configure:6847: result: dsymutil
configure:6912: checking for nmedit
configure:6928: found /usr/bin/nmedit
configure:6939: result: nmedit
configure:7004: checking for lipo
configure:7020: found /usr/bin/lipo
configure:7031: result: lipo
configure:7096: checking for otool
configure:7112: found /usr/bin/otool
configure:7123: result: otool
configure:7188: checking for otool64
configure:7218: result: no
configure:7263: checking for -single_module linker flag
gcc -g -O2  -o libconftest.dylib -dynamiclib -Wl,-single_module conftest.c
configure:7296: result: yes
configure:7299: checking for -exported_symbols_list linker flag
configure:7319: gcc -o conftest -g -O2   -Wl,-exported_symbols_list,conftest.sym conftest.c  >&5
configure:7319: $? = 0
configure:7329: result: yes
configure:7332: checking for -force_load linker flag
gcc -g -O2 -c -o conftest.o conftest.c
ar cru libconftest.a conftest.o
ranlib libconftest.a
gcc -g -O2  -o conftest conftest.c -Wl,-force_load,./libconftest.a
configure:7364: result: yes
configure:7441: checking how to run the C preprocessor
configure:7472: gcc -E  conftest.c
configure:7472: $? = 0
configure:7486: gcc -E  conftest.c
conftest.c:11:10: fatal error: 'ac_nonexistent.h' file not found
#include <ac_nonexistent.h>
         ^
1 error generated.
configure:7486: $? = 1
configure: failed program was:
| /* confdefs.h */
| #define PACKAGE_NAME "ccometd"
| #define PACKAGE_TARNAME "ccometd"
| #define PACKAGE_VERSION "0.9"
| #define PACKAGE_STRING "ccometd 0.9"
| #define PACKAGE_BUGREPORT "bugs@ccomed.com"
| #define PACKAGE_URL ""
| #define PACKAGE "ccometd"
| #define VERSION "0.9"
| /* end confdefs.h.  */
| #include <ac_nonexistent.h>
configure:7511: result: gcc -E
configure:7531: gcc -E  conftest.c
configure:7531: $? = 0
configure:7545: gcc -E  conftest.c
conftest.c:11:10: fatal error: 'ac_nonexistent.h' file not found
#include <ac_nonexistent.h>
         ^
1 error generated.
configure:7545: $? = 1
configure: failed program was:
| /* confdefs.h */
| #define PACKAGE_NAME "ccometd"
| #define PACKAGE_TARNAME "ccometd"
| #define PACKAGE_VERSION "0.9"
| #define PACKAGE_STRING "ccometd 0.9"
| #define PACKAGE_BUGREPORT "bugs@ccomed.com"
| #define PACKAGE_URL ""
| #define PACKAGE "ccometd"
| #define VERSION "0.9"
| /* end confdefs.h.  */
| #include <ac_nonexistent.h>
configure:7574: checking for ANSI C header files
configure:7594: gcc -c -g -O2  conftest.c >&5
configure:7594: $? = 0
configure:7667: gcc -o conftest -g -O2   conftest.c  >&5
configure:7667: $? = 0
configure:7667: ./conftest
configure:7667: $? = 0
configure:7678: result: yes
configure:7691: checking for sys/types.h
configure:7691: gcc -c -g -O2  conftest.c >&5
configure:7691: $? = 0
configure:7691: result: yes
configure:7691: checking for sys/stat.h
configure:7691: gcc -c -g -O2  conftest.c >&5
configure:7691: $? = 0
configure:7691: result: yes
configure:7691: checking for stdlib.h
configure:7691: gcc -c -g -O2  conftest.c >&5
configure:7691: $? = 0
configure:7691: result: yes
configure:7691: checking for string.h
configure:7691: gcc -c -g -O2  conftest.c >&5
configure:7691: $? = 0
configure:7691: result: yes
configure:7691: checking for memory.h
configure:7691: gcc -c -g -O2  conftest.c >&5
configure:7691: $? = 0
configure:7691: result: yes
configure:7691: checking for strings.h
configure:7691: gcc -c -g -O2  conftest.c >&5
configure:7691: $? = 0
configure:7691: result: yes
configure:7691: checking for inttypes.h
configure:7691: gcc -c -g -O2  conftest.c >&5
configure:7691: $? = 0
configure:7691: result: yes
configure:7691: checking for stdint.h
configure:7691: gcc -c -g -O2  conftest.c >&5
configure:7691: $? = 0
configure:7691: result: yes
configure:7691: checking for unistd.h
configure:7691: gcc -c -g -O2  conftest.c >&5
configure:7691: $? = 0
configure:7691: result: yes
configure:7705: checking for dlfcn.h
configure:7705: gcc -c -g -O2  conftest.c >&5
configure:7705: $? = 0
configure:7705: result: yes
configure:7961: checking for objdir
configure:7976: result: .libs
configure:8240: checking if gcc supports -fno-rtti -fno-exceptions
configure:8258: gcc -c -g -O2  -fno-rtti -fno-exceptions conftest.c >&5
configure:8262: $? = 0
configure:8275: result: yes
configure:8633: checking for gcc option to produce PIC
configure:8640: result: -fno-common -DPIC
configure:8648: checking if gcc PIC flag -fno-common -DPIC works
configure:8666: gcc -c -g -O2  -fno-common -DPIC -DPIC conftest.c >&5
configure:8670: $? = 0
configure:8683: result: yes
configure:8712: checking if gcc static flag -static works
configure:8740: result: no
configure:8755: checking if gcc supports -c -o file.o
configure:8776: gcc -c -g -O2  -o out/conftest2.o conftest.c >&5
configure:8780: $? = 0
configure:8802: result: yes
configure:8810: checking if gcc supports -c -o file.o
configure:8857: result: yes
configure:8890: checking whether the gcc linker (/Applications/Xcode.app/Contents/Developer/Toolchains/XcodeDefault.xctoolchain/usr/bin/ld) supports shared libraries
configure:10149: result: yes
configure:10389: checking dynamic linker characteristics
configure:11207: result: darwin14.3.0 dyld
configure:11329: checking how to hardcode library paths into programs
configure:11354: result: immediate
configure:11902: checking whether stripping libraries is possible
configure:11916: result: yes
configure:11942: checking if libtool supports shared libraries
configure:11944: result: yes
configure:11947: checking whether to build shared libraries
configure:11972: result: yes
configure:11975: checking whether to build static libraries
configure:11979: result: yes
configure:12072: checking for pkg-config
configure:12090: found /usr/local/bin/pkg-config
configure:12102: result: /usr/local/bin/pkg-config
configure:12127: checking pkg-config is at least version 0.9.0
configure:12130: result: yes
configure:12140: checking for libcurl
configure:12147: $PKG_CONFIG --exists --print-errors "libcurl"
configure:12150: $? = 0
configure:12164: $PKG_CONFIG --exists --print-errors "libcurl"
configure:12167: $? = 0
configure:12225: result: yes
configure:12231: checking for libjansson
configure:12238: $PKG_CONFIG --exists --print-errors "jansson"
configure:12241: $? = 0
configure:12255: $PKG_CONFIG --exists --print-errors "jansson"
configure:12258: $? = 0
configure:12316: result: yes
configure:12325: checking stddef.h usability
configure:12325: gcc -c -g -O2  conftest.c >&5
configure:12325: $? = 0
configure:12325: result: yes
configure:12325: checking stddef.h presence
configure:12325: gcc -E  conftest.c
configure:12325: $? = 0
configure:12325: result: yes
configure:12325: checking for stddef.h
configure:12325: result: yes
configure:12325: checking for stdlib.h
configure:12325: result: yes
configure:12325: checking for string.h
configure:12325: result: yes
configure:12325: checking for unistd.h
configure:12325: result: yes
configure:12337: checking for stdbool.h that conforms to C99
configure:12404: gcc -c -g -O2  conftest.c >&5
conftest.c:76:24: warning: address of 's' will always evaluate to 'true' [-Wpointer-bool-conversion]
             bool e = &s;
                  ~    ^
1 warning generated.
configure:12404: $? = 0
configure:12411: result: yes
configure:12413: checking for _Bool
configure:12413: gcc -c -g -O2  conftest.c >&5
configure:12413: $? = 0
configure:12413: gcc -c -g -O2  conftest.c >&5
conftest.c:63:20: error: expected expression
if (sizeof ((_Bool)))
                   ^
1 error generated.
configure:12413: $? = 1
configure: failed program was:
| /* confdefs.h */
| #define PACKAGE_NAME "ccometd"
| #define PACKAGE_TARNAME "ccometd"
| #define PACKAGE_VERSION "0.9"
| #define PACKAGE_STRING "ccometd 0.9"
| #define PACKAGE_BUGREPORT "bugs@ccomed.com"
| #define PACKAGE_URL ""
| #define PACKAGE "ccometd"
| #define VERSION "0.9"
| #define STDC_HEADERS 1
| #define HAVE_SYS_TYPES_H 1
| #define HAVE_SYS_STAT_H 1
| #define HAVE_STDLIB_H 1
| #define HAVE_STRING_H 1
| #define HAVE_MEMORY_H 1
| #define HAVE_STRINGS_H 1
| #define HAVE_INTTYPES_H 1
| #define HAVE_STDINT_H 1
| #define HAVE_UNISTD_H 1
| #define HAVE_DLFCN_H 1
| #define LT_OBJDIR ".libs/"
| #define HAVE_STDDEF_H 1
| #define HAVE_STDLIB_H 1
| #define HAVE_STRING_H 1
| #define HAVE_UNISTD_H 1
| /* end confdefs.h.  */
| #include <stdio.h>
| #ifdef HAVE_SYS_TYPES_H
| # include <sys/types.h>
| #endif
| #ifdef HAVE_SYS_STAT_H
| # include <sys/stat.h>
| #endif
| #ifdef STDC_HEADERS
| # include <stdlib.h>
| # include <stddef.h>
| #else
| # ifdef HAVE_STDLIB_H
| #  include <stdlib.h>
| # endif
| #endif
| #ifdef HAVE_STRING_H
| # if !defined STDC_HEADERS && defined HAVE_MEMORY_H
| #  include <memory.h>
| # endif
| # include <string.h>
| #endif
| #ifdef HAVE_STRINGS_H
| # include <strings.h>
| #endif
| #ifdef HAVE_INTTYPES_H
| # include <inttypes.h>
| #endif
| #ifdef HAVE_STDINT_H
| # include <stdint.h>
| #endif
| #ifdef HAVE_UNISTD_H
| # include <unistd.h>
| #endif
| int
| main ()
| {
| if (sizeof ((_Bool)))
| 	    return 0;
|   ;
|   return 0;
| }
configure:12413: result: yes
configure:12430: checking for size_t
configure:12430: gcc -c -g -O2  conftest.c >&5
configure:12430: $? = 0
configure:12430: gcc -c -g -O2  conftest.c >&5
conftest.c:65:21: error: expected expression
if (sizeof ((size_t)))
                    ^
1 error generated.
configure:12430: $? = 1
configure: failed program was:
| /* confdefs.h */
| #define PACKAGE_NAME "ccometd"
| #define PACKAGE_TARNAME "ccometd"
| #define PACKAGE_VERSION "0.9"
| #define PACKAGE_STRING "ccometd 0.9"
| #define PACKAGE_BUGREPORT "bugs@ccomed.com"
| #define PACKAGE_URL ""
| #define PACKAGE "ccometd"
| #define VERSION "0.9"
| #define STDC_HEADERS 1
| #define HAVE_SYS_TYPES_H 1
| #define HAVE_SYS_STAT_H 1
| #define HAVE_STDLIB_H 1
| #define HAVE_STRING_H 1
| #define HAVE_MEMORY_H 1
| #define HAVE_STRINGS_H 1
| #define HAVE_INTTYPES_H 1
| #define HAVE_STDINT_H 1
| #define HAVE_UNISTD_H 1
| #define HAVE_DLFCN_H 1
| #define LT_OBJDIR ".libs/"
| #define HAVE_STDDEF_H 1
| #define HAVE_STDLIB_H 1
| #define HAVE_STRING_H 1
| #define HAVE_UNISTD_H 1
| #define HAVE__BOOL 1
| #define HAVE_STDBOOL_H 1
| /* end confdefs.h.  */
| #include <stdio.h>
| #ifdef HAVE_SYS_TYPES_H
| # include <sys/types.h>
| #endif
| #ifdef HAVE_SYS_STAT_H
| # include <sys/stat.h>
| #endif
| #ifdef STDC_HEADERS
| # include <stdlib.h>
| # include <stddef.h>
| #else
| # ifdef HAVE_STDLIB_H
| #  include <stdlib.h>
| # endif
| #endif
| #ifdef HAVE_STRING_H
| # if !defined STDC_HEADERS && defined HAVE_MEMORY_H
| #  include <memory.h>
| # endif
| # include <string.h>
| #endif
| #ifdef HAVE_STRINGS_H
| # include <strings.h>
| #endif
| #ifdef HAVE_INTTYPES_H
| # include <inttypes.h>
| #endif
| #ifdef HAVE_STDINT_H
| # include <stdint.h>
| #endif
| #ifdef HAVE_UNISTD_H
| # include <unistd.h>
| #endif
| int
| main ()
| {
| if (sizeof ((size_t)))
| 	    return 0;
|   ;
|   return 0;
| }
configure:12430: result: yes
configure:12446: checking for memset
configure:12446: gcc -o conftest -g -O2   conftest.c  >&5
conftest.c:52:6: warning: incompatible redeclaration of library function 'memset' [-Wincompatible-library-redeclaration]
char memset ();
     ^
conftest.c:52:6: note: 'memset' is a builtin with type 'void *(void *, int, unsigned long)'
1 warning generated.
configure:12446: $? = 0
configure:12446: result: yes
configure:12446: checking for strstr
configure:12446: gcc -o conftest -g -O2   conftest.c  >&5
conftest.c:53:6: warning: incompatible redeclaration of library function 'strstr' [-Wincompatible-library-redeclaration]
char strstr ();
     ^
conftest.c:53:6: note: 'strstr' is a builtin with type 'char *(const char *, const char *)'
1 warning generated.
configure:12446: $? = 0
configure:12446: result: yes
configure:12567: checking that generated files are newer than configure
configure:12573: result: done
configure:12596: creating ./config.status

## ---------------------- ##
## Running config.status. ##
## ---------------------- ##

This file was extended by ccometd config.status 0.9, which was
generated by GNU Autoconf 2.69.  Invocation command line was

  CONFIG_FILES    = 
  CONFIG_HEADERS  = 
  CONFIG_LINKS    = 
  CONFIG_COMMANDS = 
  $ ./config.status 

on Mac-mini-de-Morvan.local

config.status:1096: creating Makefile
config.status:1096: creating src/Makefile
config.status:1096: creating config.h
config.status:1277: config.h is unchanged
config.status:1325: executing depfiles commands
config.status:1325: executing libtool commands

## ---------------- ##
## Cache variables. ##
## ---------------- ##

ac_cv_build=x86_64-apple-darwin14.3.0
ac_cv_c_compiler_gnu=yes
ac_cv_env_CC_set=
ac_cv_env_CC_value=
ac_cv_env_CFLAGS_set=
ac_cv_env_CFLAGS_value=
ac_cv_env_CPPFLAGS_set=
ac_cv_env_CPPFLAGS_value=
ac_cv_env_CPP_set=
ac_cv_env_CPP_value=
ac_cv_env_LDFLAGS_set=
ac_cv_env_LDFLAGS_value=
ac_cv_env_LIBS_set=
ac_cv_env_LIBS_value=
ac_cv_env_LT_SYS_LIBRARY_PATH_set=
ac_cv_env_LT_SYS_LIBRARY_PATH_value=
ac_cv_env_PKG_CONFIG_LIBDIR_set=
ac_cv_env_PKG_CONFIG_LIBDIR_value=
ac_cv_env_PKG_CONFIG_PATH_set=
ac_cv_env_PKG_CONFIG_PATH_value=
ac_cv_env_PKG_CONFIG_set=
ac_cv_env_PKG_CONFIG_value=
ac_cv_env_build_alias_set=
ac_cv_env_build_alias_value=
ac_cv_env_host_alias_set=
ac_cv_env_host_alias_value=
ac_cv_env_libcurl_CFLAGS_set=
ac_cv_env_libcurl_CFLAGS_value=
ac_cv_env_libcurl_LIBS_set=
ac_cv_env_libcurl_LIBS_value=
ac_cv_env_libjansson_CFLAGS_set=
ac_cv_env_libjansson_CFLAGS_value=
ac_cv_env_libjansson_LIBS_set=
ac_cv_env_libjansson_LIBS_value=
ac_cv_env_target_alias_set=
ac_cv_env_target_alias_value=
ac_cv_func_memset=yes
ac_cv_func_strstr=yes
ac_cv_header_dlfcn_h=yes
ac_cv_header_inttypes_h=yes
ac_cv_header_memory_h=yes
ac_cv_header_stdbool_h=yes
ac_cv_header_stdc=yes
ac_cv_header_stddef_h=yes
ac_cv_header_stdint_h=yes
ac_cv_header_stdlib_h=yes
ac_cv_header_string_h=yes
ac_cv_header_strings_h=yes
ac_cv_header_sys_stat_h=yes
ac_cv_header_sys_types_h=yes
ac_cv_header_unistd_h=yes
ac_cv_host=x86_64-apple-darwin14.3.0
ac_cv_objext=o
ac_cv_path_EGREP='/usr/bin/grep -E'
ac_cv_path_FGREP='/usr/bin/grep -F'
ac_cv_path_GREP=/usr/bin/grep
ac_cv_path_SED=/usr/bin/sed
ac_cv_path_ac_pt_PKG_CONFIG=/usr/local/bin/pkg-config
ac_cv_path_install='/usr/bin/install -c'
ac_cv_path_lt_DD=/bin/dd
ac_cv_prog_AWK=awk
ac_cv_prog_CPP='gcc -E'
ac_cv_prog_ac_ct_AR=ar
ac_cv_prog_ac_ct_CC=gcc
ac_cv_prog_ac_ct_DSYMUTIL=dsymutil
ac_cv_prog_ac_ct_LIPO=lipo
ac_cv_prog_ac_ct_NMEDIT=nmedit
ac_cv_prog_ac_ct_OTOOL=otool
ac_cv_prog_ac_ct_RANLIB=ranlib
ac_cv_prog_ac_ct_STRIP=strip
ac_cv_prog_cc_c89=
ac_cv_prog_cc_g=yes
ac_cv_prog_make_make_set=yes
ac_cv_type__Bool=yes
ac_cv_type_size_t=yes
am_cv_CC_dependencies_compiler_type=gcc3
am_cv_make_support_nested_variables=yes
am_cv_prog_cc_c_o=yes
lt_cv_apple_cc_single_mod=yes
lt_cv_ar_at_file=no
lt_cv_deplibs_check_method=pass_all
lt_cv_file_magic_cmd='$MAGIC_CMD'
lt_cv_file_magic_test_file=
lt_cv_ld_exported_symbols_list=yes
lt_cv_ld_force_load=yes
lt_cv_ld_reload_flag=-r
lt_cv_nm_interface='BSD nm'
lt_cv_objdir=.libs
lt_cv_path_LD=/Applications/Xcode.app/Contents/Developer/Toolchains/XcodeDefault.xctoolchain/usr/bin/ld
lt_cv_path_NM=/usr/bin/nm
lt_cv_path_mainfest_tool=no
lt_cv_prog_compiler_c_o=yes
lt_cv_prog_compiler_pic='-fno-common -DPIC'
lt_cv_prog_compiler_pic_works=yes
lt_cv_prog_compiler_rtti_exceptions=yes
lt_cv_prog_compiler_static_works=no
lt_cv_prog_gnu_ld=no
lt_cv_sharedlib_from_linklib_cmd='printf %s\n'
lt_cv_sys_global_symbol_pipe='sed -n -e '\''s/^.*[	 ]\([BCDEGRST][BCDEGRST]*\)[	 ][	 ]*_\([_A-Za-z][_A-Za-z0-9]*\)$/\1 _\2 \2/p'\'' | sed '\''/ __gnu_lto/d'\'''
lt_cv_sys_global_symbol_to_c_name_address='sed -n -e '\''s/^: \(.*\) .*$/  {"\1", (void *) 0},/p'\'' -e '\''s/^[BCDEGRST][BCDEGRST]* .* \(.*\)$/  {"\1", (void *) \&\1},/p'\'''
lt_cv_sys_global_symbol_to_c_name_address_lib_prefix='sed -n -e '\''s/^: \(.*\) .*$/  {"\1", (void *) 0},/p'\'' -e '\''s/^[BCDEGRST][BCDEGRST]* .* \(lib.*\)$/  {"\1", (void *) \&\1},/p'\'' -e '\''s/^[BCDEGRST][BCDEGRST]* .* \(.*\)$/  {"lib\1", (void *) \&\1},/p'\'''
lt_cv_sys_global_symbol_to_cdecl='sed -n -e '\''s/^T .* \(.*\)$/extern int \1();/p'\'' -e '\''s/^[BCDEGRST][BCDEGRST]* .* \(.*\)$/extern char \1;/p'\'''
lt_cv_sys_global_symbol_to_import=
lt_cv_sys_max_cmd_len=196608
lt_cv_to_host_file_cmd=func_convert_file_noop
lt_cv_to_tool_file_cmd=func_convert_file_noop
lt_cv_truncate_bin='/bin/dd bs=4096 count=1'
pkg_cv_libcurl_CFLAGS=
pkg_cv_libcurl_LIBS='-lcurl '
pkg_cv_libjansson_CFLAGS='-I/usr/local/Cellar/jansson/2.7/include '
pkg_cv_libjansson_LIBS='-L/usr/local/Cellar/jansson/2.7/lib -ljansson '

## ----------------- ##
## Output variables. ##
## ----------------- ##

ACLOCAL='${SHELL} /Users/elbakk_a/LibPablo/libcometd/missing aclocal-1.15'
AMDEPBACKSLASH='\'
AMDEP_FALSE='#'
AMDEP_TRUE=''
AMTAR='$${TAR-tar}'
AM_BACKSLASH='\'
AM_DEFAULT_V='$(AM_DEFAULT_VERBOSITY)'
AM_DEFAULT_VERBOSITY='1'
AM_V='$(V)'
AR='ar'
AUTOCONF='${SHELL} /Users/elbakk_a/LibPablo/libcometd/missing autoconf'
AUTOHEADER='${SHELL} /Users/elbakk_a/LibPablo/libcometd/missing autoheader'
AUTOMAKE='${SHELL} /Users/elbakk_a/LibPablo/libcometd/missing automake-1.15'
AWK='awk'
CC='gcc'
CCDEPMODE='depmode=gcc3'
CFLAGS='-g -O2'
CPP='gcc -E'
CPPFLAGS=''
CYGPATH_W='echo'
DEFS='-DHAVE_CONFIG_H'
DEPDIR='.deps'
DLLTOOL='false'
DSYMUTIL='dsymutil'
DUMPBIN=''
ECHO_C='\c'
ECHO_N=''
ECHO_T=''
EGREP='/usr/bin/grep -E'
EXEEXT=''
FGREP='/usr/bin/grep -F'
GREP='/usr/bin/grep'
INSTALL_DATA='${INSTALL} -m 644'
INSTALL_PROGRAM='${INSTALL}'
INSTALL_SCRIPT='${INSTALL}'
INSTALL_STRIP_PROGRAM='$(install_sh) -c -s'
LD='/Applications/Xcode.app/Contents/Developer/Toolchains/XcodeDefault.xctoolchain/usr/bin/ld'
LDFLAGS=''
LIBOBJS=''
LIBS=''
LIBTOOL='$(SHELL) $(top_builddir)/libtool'
LIPO='lipo'
LN_S='ln -s'
LTLIBOBJS=''
LT_SYS_LIBRARY_PATH=''
MAKEINFO='${SHELL} /Users/elbakk_a/LibPablo/libcometd/missing makeinfo'
MANIFEST_TOOL=':'
MKDIR_P='./install-sh -c -d'
NM='/usr/bin/nm'
NMEDIT='nmedit'
OBJDUMP='false'
OBJEXT='o'
OTOOL64=':'
OTOOL='otool'
PACKAGE='ccometd'
PACKAGE_BUGREPORT='bugs@ccomed.com'
PACKAGE_NAME='ccometd'
PACKAGE_STRING='ccometd 0.9'
PACKAGE_TARNAME='ccometd'
PACKAGE_URL=''
PACKAGE_VERSION='0.9'
PATH_SEPARATOR=':'
PKG_CONFIG='/usr/local/bin/pkg-config'
PKG_CONFIG_LIBDIR=''
PKG_CONFIG_PATH=''
RANLIB='ranlib'
SED='/usr/bin/sed'
SET_MAKE=''
SHELL='/bin/sh'
STRIP='strip'
VERSION='0.9'
ac_ct_AR='ar'
ac_ct_CC='gcc'
ac_ct_DUMPBIN=''
am__EXEEXT_FALSE=''
am__EXEEXT_TRUE='#'
am__fastdepCC_FALSE='#'
am__fastdepCC_TRUE=''
am__include='include'
am__isrc=''
am__leading_dot='.'
am__nodep='_no'
am__quote=''
am__tar='$${TAR-tar} chof - "$$tardir"'
am__untar='$${TAR-tar} xf -'
bindir='${exec_prefix}/bin'
build='x86_64-apple-darwin14.3.0'
build_alias=''
build_cpu='x86_64'
build_os='darwin14.3.0'
build_vendor='apple'
datadir='${datarootdir}'
datarootdir='${prefix}/share'
docdir='${datarootdir}/doc/${PACKAGE_TARNAME}'
dvidir='${docdir}'
exec_prefix='${prefix}'
host='x86_64-apple-darwin14.3.0'
host_alias=''
host_cpu='x86_64'
host_os='darwin14.3.0'
host_vendor='apple'
htmldir='${docdir}'
includedir='${prefix}/include'
infodir='${datarootdir}/info'
install_sh='${SHELL} /Users/elbakk_a/LibPablo/libcometd/install-sh'
libcurl_CFLAGS=''
libcurl_LIBS='-lcurl '
libdir='${exec_prefix}/lib'
libexecdir='${exec_prefix}/libexec'
libjansson_CFLAGS='-I/usr/local/Cellar/jansson/2.7/include '
libjansson_LIBS='-L/usr/local/Cellar/jansson/2.7/lib -ljansson '
localedir='${datarootdir}/locale'
localstatedir='${prefix}/var'
mandir='${datarootdir}/man'
mkdir_p='$(MKDIR_P)'
oldincludedir='/usr/include'
pdfdir='${docdir}'
prefix='/usr/local'
program_transform_name='s,x,x,'
psdir='${docdir}'
sbindir='${exec_prefix}/sbin'
sharedstatedir='${prefix}/com'
sysconfdir='${prefix}/etc'
target_alias=''

## ----------- ##
## confdefs.h. ##
## ----------- ##

/* confdefs.h */
#define PACKAGE_NAME "ccometd"
#define PACKAGE_TARNAME "ccometd"
#define PACKAGE_VERSION "0.9"
#define PACKAGE_STRING "ccometd 0.9"
#define PACKAGE_BUGREPORT "bugs@ccomed.com"
#define PACKAGE_URL ""
#define PACKAGE "ccometd"
#define VERSION "0.9"
#define STDC_HEADERS 1
#define HAVE_SYS_TYPES_H 1
#define HAVE_SYS_STAT_H 1
#define HAVE_STDLIB_H 1
#define HAVE_STRING_H 1
#define HAVE_MEMORY_H 1
#define HAVE_STRINGS_H 1
#define HAVE_INTTYPES_H 1
#define HAVE_STDINT_H 1
#define HAVE_UNISTD_H 1
#define HAVE_DLFCN_H 1
#define LT_OBJDIR ".libs/"
#define HAVE_STDDEF_H 1
#define HAVE_STDLIB_H 1
#define HAVE_STRING_H 1
#define HAVE_UNISTD_H 1
#define HAVE__BOOL 1
#define HAVE_STDBOOL_H 1
#define HAVE_MEMSET 1
#define HAVE_STRSTR 1

configure: exit 0
